A:\WORK\SPARSE MATRICES\code\code\Debug\cl.command.1.tlog
A:\WORK\SPARSE MATRICES\code\code\Debug\CL.read.1.tlog
A:\WORK\SPARSE MATRICES\code\code\Debug\CL.write.1.tlog
A:\WORK\SPARSE MATRICES\code\code\Debug\link.command.1.tlog
A:\WORK\SPARSE MATRICES\code\code\Debug\link.read.1.tlog
A:\WORK\SPARSE MATRICES\code\code\Debug\link.write.1.tlog
A:\WORK\SPARSE MATRICES\CODE\CODE\DEBUG\MATRIX_GENERATORS.OBJ
A:\WORK\SPARSE MATRICES\code\code\Debug\mt.command.1.tlog
A:\WORK\SPARSE MATRICES\code\code\Debug\mt.read.1.tlog
A:\WORK\SPARSE MATRICES\code\code\Debug\mt.write.1.tlog
A:\WORK\SPARSE MATRICES\CODE\CODE\DEBUG\SPARSE_MAIN.OBJ
A:\WORK\SPARSE MATRICES\CODE\CODE\DEBUG\SPARSE_MATRICES.EXE.INTERMEDIATE.MANIFEST
A:\WORK\SPARSE MATRICES\code\code\Debug\sparse_matrices.write.1.tlog
A:\WORK\SPARSE MATRICES\CODE\CODE\DEBUG\TO_TEX.OBJ
A:\WORK\SPARSE MATRICES\code\code\Debug\vc100.idb
A:\WORK\SPARSE MATRICES\CODE\CODE\DEBUG\VC100.PDB
A:\WORK\SPARSE MATRICES\CODE\DEBUG\SPARSE_MATRICES.EXE
A:\WORK\SPARSE MATRICES\CODE\DEBUG\SPARSE_MATRICES.ILK
A:\WORK\SPARSE MATRICES\CODE\DEBUG\SPARSE_MATRICES.PDB
C:\PROGRAMDATA\PC PERFORMER MANAGER\2.6.1125.80\{61D8B74E-8D89-46FF-AFA6-33382C54AC73}\PCPMNGR.SETTINGS
C:\PROGRAMDATA\PC PERFORMER MANAGER\2.6.1125.80\{61D8B74E-8D89-46FF-AFA6-33382C54AC73}\TRAKING_SETTINGS\00
C:\PROGRAMDATA\PC PERFORMER MANAGER\2.6.1125.80\{61D8B74E-8D89-46FF-AFA6-33382C54AC73}\TRAKING_SETTINGS\01
C:\PROGRAMDATA\PC PERFORMER MANAGER\2.6.1125.80\{61D8B74E-8D89-46FF-AFA6-33382C54AC73}\TRAKING_SETTINGS\02
C:\PROGRAMDATA\PC PERFORMER MANAGER\2.6.1125.80\{61D8B74E-8D89-46FF-AFA6-33382C54AC73}\TRAKING_SETTINGS\03
C:\PROGRAMDATA\PC PERFORMER MANAGER\2.6.1125.80\{61D8B74E-8D89-46FF-AFA6-33382C54AC73}\TRAKING_SETTINGS\10
C:\PROGRAMDATA\PC PERFORMER MANAGER\2.6.1125.80\{61D8B74E-8D89-46FF-AFA6-33382C54AC73}\TRAKING_SETTINGS\11
C:\PROGRAMDATA\PC PERFORMER MANAGER\2.6.1125.80\{61D8B74E-8D89-46FF-AFA6-33382C54AC73}\TRAKING_SETTINGS\12
C:\PROGRAMDATA\PC PERFORMER MANAGER\2.6.1125.80\{61D8B74E-8D89-46FF-AFA6-33382C54AC73}\TRAKING_SETTINGS\13
C:\PROGRAMDATA\PC PERFORMER MANAGER\2.6.1125.80\{61D8B74E-8D89-46FF-AFA6-33382C54AC73}\TRAKING_SETTINGS\20
C:\PROGRAMDATA\PC PERFORMER MANAGER\2.6.1125.80\{61D8B74E-8D89-46FF-AFA6-33382C54AC73}\TRAKING_SETTINGS\21
C:\PROGRAMDATA\PC PERFORMER MANAGER\2.6.1125.80\{61D8B74E-8D89-46FF-AFA6-33382C54AC73}\TRAKING_SETTINGS\22
C:\PROGRAMDATA\PC PERFORMER MANAGER\2.6.1125.80\{61D8B74E-8D89-46FF-AFA6-33382C54AC73}\TRAKING_SETTINGS\23
