Build started 2012-04-10 22:20:04.
     1>Project "a:\SPARSE MATRICES\code\code\code.vcxproj" on node 2 (rebuild target(s)).
     1>_PrepareForClean:
         Deleting file "Debug\sparse_matrices.lastbuildstate".
       InitializeBuildStatus:
         Creating "Debug\sparse_matrices.unsuccessfulbuild" because "AlwaysCreate" was specified.
       ClCompile:
         C:\Program Files (x86)\Microsoft Visual Studio 10.0\VC\bin\CL.exe /c /Zi /nologo /W3 /WX- /Od /Oy- /D _MBCS /Gm /EHsc /RTC1 /MDd /GS /fp:precise /Zc:wchar_t /Zc:forScope /Fo"Debug\\" /Fd"Debug\vc100.pdb" /Gd /TP /analyze- /errorReport:prompt main_testing.cpp std_math\matrix_generators.cpp std_math\std_math.cpp to_tex.cpp
         to_tex.cpp
         std_math.cpp
         matrix_generators.cpp
         main_testing.cpp
         Generating Code...
         C:\Program Files (x86)\Microsoft Visual Studio 10.0\VC\bin\CL.exe /c /Zi /clr /nologo /W3 /WX- /Od /Oy- /D _MBCS /Gm- /EHa /MDd /GS /fp:precise /Zc:wchar_t /Zc:forScope /Fo"Debug\\" /Fd"Debug\vc100.pdb" /Gd /TP /FU"C:\Program Files (x86)\Reference Assemblies\Microsoft\Framework\.NETFramework\v4.0\System.Core.dll" /FU"C:\Program Files (x86)\Reference Assemblies\Microsoft\Framework\.NETFramework\v4.0\System.Data.dll" /FU"C:\Program Files (x86)\Reference Assemblies\Microsoft\Framework\.NETFramework\v4.0\System.dll" /FU"C:\Program Files (x86)\Reference Assemblies\Microsoft\Framework\.NETFramework\v4.0\System.Drawing.dll" /FU"C:\Program Files (x86)\Reference Assemblies\Microsoft\Framework\.NETFramework\v4.0\System.Windows.Forms.dll" /FU"C:\Program Files (x86)\Reference Assemblies\Microsoft\Framework\.NETFramework\v4.0\System.Xml.dll" /analyze- /errorReport:prompt std_math\dense_matrices.hpp
         dense_matrices.hpp
       Link:
         C:\Program Files (x86)\Microsoft Visual Studio 10.0\VC\bin\link.exe /ERRORREPORT:PROMPT /OUT:"A:\SPARSE MATRICES\code\Debug\sparse_matrices.exe" /NOLOGO kernel32.lib user32.lib gdi32.lib winspool.lib comdlg32.lib advapi32.lib shell32.lib ole32.lib oleaut32.lib uuid.lib odbc32.lib odbccp32.lib /MANIFEST /ManifestFile:"Debug\sparse_matrices.exe.intermediate.manifest" /MANIFESTUAC:"level='asInvoker' uiAccess='false'" /DEBUG /PDB:"A:\SPARSE MATRICES\code\Debug\sparse_matrices.pdb" /TLBID:1 /DYNAMICBASE /NXCOMPAT /IMPLIB:"A:\SPARSE MATRICES\code\Debug\sparse_matrices.lib" /MACHINE:X86 Debug\main_testing.obj
         Debug\dense_matrices.obj
         Debug\matrix_generators.obj
         Debug\std_math.obj
         Debug\to_tex.obj
         code.vcxproj -> A:\SPARSE MATRICES\code\Debug\sparse_matrices.exe
       Manifest:
         C:\Program Files (x86)\Microsoft SDKs\Windows\v7.0A\bin\mt.exe /nologo /verbose /outputresource:"A:\SPARSE MATRICES\code\Debug\sparse_matrices.exe;#1" /manifest Debug\sparse_matrices.exe.intermediate.manifest
       FinalizeBuildStatus:
         Deleting file "Debug\sparse_matrices.unsuccessfulbuild".
         Touching "Debug\sparse_matrices.lastbuildstate".
     1>Done Building Project "a:\SPARSE MATRICES\code\code\code.vcxproj" (rebuild target(s)).

Build succeeded.

Time Elapsed 00:00:02.27
