a:\SPARSE MATRICES\code\code\Debug\cl.command.1.tlog
a:\SPARSE MATRICES\code\code\Debug\CL.read.1.tlog
a:\SPARSE MATRICES\code\code\Debug\CL.write.1.tlog
A:\SPARSE MATRICES\CODE\CODE\DEBUG\DENSE_MATRICES.OBJ
a:\SPARSE MATRICES\code\code\Debug\link.1316.read.1.tlog
a:\SPARSE MATRICES\code\code\Debug\link.1316.write.1.tlog
a:\SPARSE MATRICES\code\code\Debug\link.5276.read.1.tlog
a:\SPARSE MATRICES\code\code\Debug\link.5276.write.1.tlog
a:\SPARSE MATRICES\code\code\Debug\link.5668.read.1.tlog
a:\SPARSE MATRICES\code\code\Debug\link.5668.write.1.tlog
a:\SPARSE MATRICES\code\code\Debug\link.5936.read.1.tlog
a:\SPARSE MATRICES\code\code\Debug\link.5936.write.1.tlog
a:\SPARSE MATRICES\code\code\Debug\link.5956.read.1.tlog
a:\SPARSE MATRICES\code\code\Debug\link.5956.write.1.tlog
a:\SPARSE MATRICES\code\code\Debug\link.command.1.tlog
a:\SPARSE MATRICES\code\code\Debug\link.read.1.tlog
a:\SPARSE MATRICES\code\code\Debug\link.write.1.tlog
A:\SPARSE MATRICES\CODE\CODE\DEBUG\MAIN_TESTING.OBJ
A:\SPARSE MATRICES\CODE\CODE\DEBUG\MATRIX_GENERATORS.OBJ
a:\SPARSE MATRICES\code\code\Debug\mt.command.1.tlog
a:\SPARSE MATRICES\code\code\Debug\mt.read.1.tlog
a:\SPARSE MATRICES\code\code\Debug\mt.write.1.tlog
A:\SPARSE MATRICES\CODE\CODE\DEBUG\SPARSE_MATRICES.EXE.INTERMEDIATE.MANIFEST
a:\SPARSE MATRICES\code\code\Debug\sparse_matrices.write.1.tlog
A:\SPARSE MATRICES\CODE\CODE\DEBUG\STD_MATH.OBJ
A:\SPARSE MATRICES\CODE\CODE\DEBUG\TO_TEX.OBJ
a:\SPARSE MATRICES\code\code\Debug\vc100.idb
A:\SPARSE MATRICES\CODE\CODE\DEBUG\VC100.PDB
A:\SPARSE MATRICES\CODE\DEBUG\SPARSE_MATRICES.EXE
A:\SPARSE MATRICES\CODE\DEBUG\SPARSE_MATRICES.ILK
A:\SPARSE MATRICES\CODE\DEBUG\SPARSE_MATRICES.PDB
