This is pdfTeX, Version 3.1415926-1.40.11 (MiKTeX 2.9) (preloaded format=pdflatex 2012.12.28)  8 DEC 2014 18:15
entering extended mode
**A:/WORK/SPARSE*MATRICES/documentation/main_file.tex
("A:/WORK/SPARSE MATRICES/documentation/main_file.tex"
LaTeX2e <2009/09/24>
Babel <v3.8l> and hyphenation patterns for english, afrikaans, ancientgreek, arabic, armenian, assamese, basque, bengali
, bokmal, bulgarian, catalan, coptic, croatian, czech, danish, dutch, esperanto, estonian, farsi, finnish, french, galic
ian, german, german-x-2009-06-19, greek, gujarati, hindi, hungarian, icelandic, indonesian, interlingua, irish, italian,
 kannada, kurmanji, lao, latin, latvian, lithuanian, malayalam, marathi, mongolian, mongolianlmc, monogreek, ngerman, ng
erman-x-2009-06-19, nynorsk, oriya, panjabi, pinyin, polish, portuguese, romanian, russian, sanskrit, serbian, slovak, s
lovenian, spanish, swedish, swissgerman, tamil, telugu, turkish, turkmen, ukenglish, ukrainian, uppersorbian, usenglishm
ax, welsh, loaded.
("A:\WORK\SPARSE MATRICES\documentation\mgrwms.cls"
Document Class: mgrwms 2010/01/03 v1.05 Praca magisterska na WMS (AGH, Krakow)
=======================================
 AKADEMIA GORNICZO-HUTNICZA W KRAKOWIE 
 WYDZIAL MATEMATYKI STOSOWANEJ 
 Class : mgrwms [2010/01/03 v1.05] 
 Author: Rafal Czarny 
=======================================
\l@nohyphenation=\language70
Class mgrwms Info: Kompilacja przy uzyciu pdfLaTeX-a on input line 197.
("C:\Program Files (x86)\MiKTeX 2.9\tex\latex\graphics\keyval.sty"
Package: keyval 1999/03/16 v1.13 key=value parser (DPC)
\KV@toks@=\toks14
)
("C:\Program Files (x86)\MiKTeX 2.9\tex\latex\graphics\graphicx.sty"
Package: graphicx 1999/02/16 v1.0f Enhanced LaTeX Graphics (DPC,SPQR)

("C:\Program Files (x86)\MiKTeX 2.9\tex\latex\graphics\graphics.sty"
Package: graphics 2009/02/05 v1.0o Standard LaTeX Graphics (DPC,SPQR)

("C:\Program Files (x86)\MiKTeX 2.9\tex\latex\graphics\trig.sty"
Package: trig 1999/03/16 v1.09 sin cos tan (DPC)
)
("C:\Program Files (x86)\MiKTeX 2.9\tex\latex\00miktex\graphics.cfg"
File: graphics.cfg 2007/01/18 v1.5 graphics configuration of teTeX/TeXLive
)
Package graphics Info: Driver file: pdftex.def on input line 91.

("C:\Program Files (x86)\MiKTeX 2.9\tex\latex\pdftex-def\pdftex.def"
File: pdftex.def 2010/09/14 v0.05b Graphics/color for pdfTeX
\Gread@gobject=\count79
))
\Gin@req@height=\dimen102
\Gin@req@width=\dimen103
)
("C:\Program Files (x86)\MiKTeX 2.9\tex\latex\graphics\color.sty"
Package: color 2005/11/14 v1.0j Standard LaTeX Color (DPC)

("C:\Program Files (x86)\MiKTeX 2.9\tex\latex\00miktex\color.cfg"
File: color.cfg 2007/01/18 v1.5 color configuration of teTeX/TeXLive
)
Package color Info: Driver file: pdftex.def on input line 130.
)
\c@MgrWMS@cnt@a=\count80
\MgrWMS@dim@a=\skip41
\MgrWMS@dim@b=\skip42
\MgrWMS@dim@c=\skip43
\MgrWMS@dim@toc=\skip44
\MgrWMS@dim@cdbox=\skip45
\MgrWMS@box@a=\box26
\MgrWMS@DATrunc@RestHyph=\toks15
\MgrWMSleft=\skip46
\MgrWMSright=\skip47
\MgrWMStop=\skip48
\MgrWMSbottom=\skip49
\MgrWMS@HeadToLine=\skip50
\MgrWMS@LineHeight=\skip51
Package keyval Info: man undefined on input line 884.
Package keyval Info: oik undefined on input line 884.
\@parindent=\dimen104
\MgrWMS@timehh=\count81
\MgrWMS@timemm=\count82
\c@part=\count83
\c@chapter=\count84
\c@section=\count85
\c@subsection=\count86
\c@subsubsection=\count87
\c@paragraph=\count88
\c@subparagraph=\count89
\MgrWMS@Part@Before=\skip52
\MgrWMS@Part@After=\skip53
\MgrWMS@Chapter@Before=\skip54
\MgrWMS@Chapter@After=\skip55
\MgrWMS@Sec@Before=\skip56
\MgrWMS@Sec@After=\skip57
\MgrWMS@SubSec@Before=\skip58
\MgrWMS@SubSec@After=\skip59
\MgrWMS@SubSubSec@Before=\skip60
\MgrWMS@SubSubSec@After=\skip61
\c@figure=\count90
\c@table=\count91
\abovecaptionskip=\skip62
\belowcaptionskip=\skip63
\MgrWMS@Caption@Box=\box27
\bibindent=\dimen105
\MgrWMS@CD@CoverBox=\box28
\MgrWMS@CD@HeadBox=\box29
LaTeX Font Info:    External font `cmex10' loaded for size
(Font)              <10.95> on input line 2687.
LaTeX Font Info:    External font `cmex10' loaded for size
(Font)              <8> on input line 2687.
LaTeX Font Info:    External font `cmex10' loaded for size
(Font)              <6> on input line 2687.
)
("C:\Program Files (x86)\MiKTeX 2.9\tex\latex\lm\lmodern.sty"
Package: lmodern 2009/10/30 v1.6 Latin Modern Fonts
LaTeX Font Info:    Overwriting symbol font `operators' in version `normal'
(Font)                  OT1/cmr/m/n --> OT1/lmr/m/n on input line 22.
LaTeX Font Info:    Overwriting symbol font `letters' in version `normal'
(Font)                  OML/cmm/m/it --> OML/lmm/m/it on input line 23.
LaTeX Font Info:    Overwriting symbol font `symbols' in version `normal'
(Font)                  OMS/cmsy/m/n --> OMS/lmsy/m/n on input line 24.
LaTeX Font Info:    Overwriting symbol font `largesymbols' in version `normal'
(Font)                  OMX/cmex/m/n --> OMX/lmex/m/n on input line 25.
LaTeX Font Info:    Overwriting symbol font `operators' in version `bold'
(Font)                  OT1/cmr/bx/n --> OT1/lmr/bx/n on input line 26.
LaTeX Font Info:    Overwriting symbol font `letters' in version `bold'
(Font)                  OML/cmm/b/it --> OML/lmm/b/it on input line 27.
LaTeX Font Info:    Overwriting symbol font `symbols' in version `bold'
(Font)                  OMS/cmsy/b/n --> OMS/lmsy/b/n on input line 28.
LaTeX Font Info:    Overwriting symbol font `largesymbols' in version `bold'
(Font)                  OMX/cmex/m/n --> OMX/lmex/m/n on input line 29.
LaTeX Font Info:    Overwriting math alphabet `\mathbf' in version `normal'
(Font)                  OT1/cmr/bx/n --> OT1/lmr/bx/n on input line 31.
LaTeX Font Info:    Overwriting math alphabet `\mathsf' in version `normal'
(Font)                  OT1/cmss/m/n --> OT1/lmss/m/n on input line 32.
LaTeX Font Info:    Overwriting math alphabet `\mathit' in version `normal'
(Font)                  OT1/cmr/m/it --> OT1/lmr/m/it on input line 33.
LaTeX Font Info:    Overwriting math alphabet `\mathtt' in version `normal'
(Font)                  OT1/cmtt/m/n --> OT1/lmtt/m/n on input line 34.
LaTeX Font Info:    Overwriting math alphabet `\mathbf' in version `bold'
(Font)                  OT1/cmr/bx/n --> OT1/lmr/bx/n on input line 35.
LaTeX Font Info:    Overwriting math alphabet `\mathsf' in version `bold'
(Font)                  OT1/cmss/bx/n --> OT1/lmss/bx/n on input line 36.
LaTeX Font Info:    Overwriting math alphabet `\mathit' in version `bold'
(Font)                  OT1/cmr/bx/it --> OT1/lmr/bx/it on input line 37.
LaTeX Font Info:    Overwriting math alphabet `\mathtt' in version `bold'
(Font)                  OT1/cmtt/m/n --> OT1/lmtt/m/n on input line 38.
)
("C:\Program Files (x86)\MiKTeX 2.9\tex\latex\amsfonts\amssymb.sty"
Package: amssymb 2009/06/22 v3.00

("C:\Program Files (x86)\MiKTeX 2.9\tex\latex\amsfonts\amsfonts.sty"
Package: amsfonts 2009/06/22 v3.00 Basic AMSFonts support
\@emptytoks=\toks16
\symAMSa=\mathgroup4
\symAMSb=\mathgroup5
LaTeX Font Info:    Overwriting math alphabet `\mathfrak' in version `bold'
(Font)                  U/euf/m/n --> U/euf/b/n on input line 96.
))
("C:\Program Files (x86)\MiKTeX 2.9\tex\latex\jknappen\mathrsfs.sty"
Package: mathrsfs 1996/01/01 Math RSFS package v1.0 (jk)
\symrsfs=\mathgroup6
)
("C:\Program Files (x86)\MiKTeX 2.9\tex\latex\hyperref\hyperref.sty"
Package: hyperref 2010/10/30 v6.81t Hypertext links for LaTeX

("C:\Program Files (x86)\MiKTeX 2.9\tex\generic\oberdiek\ltxcmds.sty"
Package: ltxcmds 2010/04/26 v1.7 LaTeX kernel commands for general use (HO)
)
("C:\Program Files (x86)\MiKTeX 2.9\tex\generic\oberdiek\infwarerr.sty"
Package: infwarerr 2010/04/08 v1.3 Providing info/warning/message (HO)
)
("C:\Program Files (x86)\MiKTeX 2.9\tex\generic\oberdiek\kvsetkeys.sty"
Package: kvsetkeys 2010/03/01 v1.9 Key value parser (HO)

("C:\Program Files (x86)\MiKTeX 2.9\tex\generic\oberdiek\etexcmds.sty"
Package: etexcmds 2010/01/28 v1.3 Prefix for e-TeX command names (HO)
Package etexcmds Info: Could not find \expanded.
(etexcmds)             That can mean that you are not using pdfTeX 1.50 or
(etexcmds)             that some package has redefined \expanded.
(etexcmds)             In the latter case, load this package earlier.
))
("C:\Program Files (x86)\MiKTeX 2.9\tex\generic\oberdiek\pdfescape.sty"
Package: pdfescape 2010/03/01 v1.9 Provides hex, PDF name and string conversions (HO)

("C:\Program Files (x86)\MiKTeX 2.9\tex\generic\oberdiek\pdftexcmds.sty"
Package: pdftexcmds 2010/04/01 v0.9 Utility functions of pdfTeX for LuaTeX (HO)

("C:\Program Files (x86)\MiKTeX 2.9\tex\generic\oberdiek\ifluatex.sty"
Package: ifluatex 2010/03/01 v1.3 Provides the ifluatex switch (HO)
Package ifluatex Info: LuaTeX not detected.
)
Package pdftexcmds Info: LuaTeX not detected.
Package pdftexcmds Info: \pdf@primitive is available.
Package pdftexcmds Info: \pdf@ifprimitive is available.
))
("C:\Program Files (x86)\MiKTeX 2.9\tex\generic\oberdiek\ifpdf.sty"
Package: ifpdf 2010/01/28 v2.1 Provides the ifpdf switch (HO)
Package ifpdf Info: pdfTeX in pdf mode detected.
)
("C:\Program Files (x86)\MiKTeX 2.9\tex\generic\oberdiek\ifvtex.sty"
Package: ifvtex 2010/03/01 v1.5 Switches for detecting VTeX and its modes (HO)
Package ifvtex Info: VTeX not detected.
)
("C:\Program Files (x86)\MiKTeX 2.9\tex\generic\ifxetex\ifxetex.sty"
Package: ifxetex 2010/09/12 v0.6 Provides ifxetex conditional
)
("C:\Program Files (x86)\MiKTeX 2.9\tex\latex\oberdiek\hycolor.sty"
Package: hycolor 2009/12/12 v1.6 Color options of hyperref/bookmark (HO)

("C:\Program Files (x86)\MiKTeX 2.9\tex\latex\oberdiek\xcolor-patch.sty"
Package: xcolor-patch 2009/12/12 xcolor patch
))
("C:\Program Files (x86)\MiKTeX 2.9\tex\latex\oberdiek\letltxmacro.sty"
Package: letltxmacro 2008/06/24 v1.3 Let assignment for LaTeX macros (HO)
)
("C:\Program Files (x86)\MiKTeX 2.9\tex\latex\oberdiek\kvoptions.sty"
Package: kvoptions 2010/02/22 v3.7 Keyval support for LaTeX options (HO)
)
\@linkdim=\dimen106
\Hy@linkcounter=\count92
\Hy@pagecounter=\count93

("C:\Program Files (x86)\MiKTeX 2.9\tex\latex\hyperref\pd1enc.def"
File: pd1enc.def 2010/10/30 v6.81t Hyperref: PDFDocEncoding definition (HO)
)
("C:\Program Files (x86)\MiKTeX 2.9\tex\generic\oberdiek\intcalc.sty"
Package: intcalc 2007/09/27 v1.1 Expandable integer calculations (HO)
)
\Hy@SavedSpaceFactor=\count94

("C:\Program Files (x86)\MiKTeX 2.9\tex\latex\00miktex\hyperref.cfg"
File: hyperref.cfg 2002/06/06 v1.2 hyperref configuration of TeXLive
)
Package hyperref Info: Hyper figures OFF on input line 3976.
Package hyperref Info: Link nesting OFF on input line 3981.
Package hyperref Info: Hyper index ON on input line 3984.
Package hyperref Info: Plain pages OFF on input line 3991.
Package hyperref Info: Backreferencing OFF on input line 3996.
Package hyperref Info: Implicit mode ON; LaTeX internals redefined.
Package hyperref Info: Bookmarks ON on input line 4211.
\c@Hy@tempcnt=\count95

("C:\Program Files (x86)\MiKTeX 2.9\tex\latex\ltxmisc\url.sty"
\Urlmuskip=\muskip10
Package: url 2006/04/12  ver 3.3  Verb mode for urls, etc.
)
LaTeX Info: Redefining \url on input line 4566.

("C:\Program Files (x86)\MiKTeX 2.9\tex\generic\oberdiek\bitset.sty"
Package: bitset 2007/09/28 v1.0 Data type bit set (HO)

("C:\Program Files (x86)\MiKTeX 2.9\tex\generic\oberdiek\bigintcalc.sty"
Package: bigintcalc 2007/11/11 v1.1 Expandable big integer calculations (HO)
))
\Fld@menulength=\count96
\Field@Width=\dimen107
\Fld@charsize=\dimen108
Package hyperref Info: Hyper figures OFF on input line 5626.
Package hyperref Info: Link nesting OFF on input line 5631.
Package hyperref Info: Hyper index ON on input line 5634.
Package hyperref Info: backreferencing OFF on input line 5641.
Package hyperref Info: Link coloring OFF on input line 5646.
Package hyperref Info: Link coloring with OCG OFF on input line 5651.
Package hyperref Info: PDF/A mode OFF on input line 5656.
LaTeX Info: Redefining \ref on input line 5696.
LaTeX Info: Redefining \pageref on input line 5700.

("C:\Program Files (x86)\MiKTeX 2.9\tex\generic\oberdiek\atbegshi.sty"
Package: atbegshi 2010/03/25 v1.12 At begin shipout hook (HO)
)
\Hy@abspage=\count97
\c@Item=\count98
\c@Hfootnote=\count99
)

Package hyperref Message: Driver (autodetected): hpdftex.

("C:\Program Files (x86)\MiKTeX 2.9\tex\latex\hyperref\hpdftex.def"
File: hpdftex.def 2010/10/30 v6.81t Hyperref driver for pdfTeX

("C:\Program Files (x86)\MiKTeX 2.9\tex\latex\oberdiek\atveryend.sty"
Package: atveryend 2010/03/24 v1.5 Hooks at very end of document (HO)
Package atveryend Info: \enddocument detected (standard).
)
\Fld@listcount=\count100
\c@bookmark@seq@number=\count101

("C:\Program Files (x86)\MiKTeX 2.9\tex\latex\oberdiek\rerunfilecheck.sty"
Package: rerunfilecheck 2010/03/16 v1.6 Rerun checks for auxiliary files (HO)

("C:\Program Files (x86)\MiKTeX 2.9\tex\generic\oberdiek\uniquecounter.sty"
Package: uniquecounter 2009/12/18 v1.1 Provides unlimited unique counter (HO)
)
Package uniquecounter Info: New unique counter `rerunfilecheck' on input line 271.
)
\Hy@SectionHShift=\skip64
)
("C:\Program Files (x86)\MiKTeX 2.9\tex\latex\float\float.sty"
Package: float 2001/11/08 v1.3d Float enhancements (AL)
\c@float@type=\count102
\float@exts=\toks17
\float@box=\box30
\@float@everytoks=\toks18
\@floatcapt=\box31
)
\@float@every@figure=\toks19
\c@theorem=\count103
 ("A:\WORK\SPARSE MATRICES\documentation\main_file.aux")
LaTeX Font Info:    Checking defaults for OML/cmm/m/it on input line 80.
LaTeX Font Info:    ... okay on input line 80.
LaTeX Font Info:    Checking defaults for T1/cmr/m/n on input line 80.
LaTeX Font Info:    ... okay on input line 80.
LaTeX Font Info:    Checking defaults for OT1/cmr/m/n on input line 80.
LaTeX Font Info:    ... okay on input line 80.
LaTeX Font Info:    Checking defaults for OMS/cmsy/m/n on input line 80.
LaTeX Font Info:    ... okay on input line 80.
LaTeX Font Info:    Checking defaults for OMX/cmex/m/n on input line 80.
LaTeX Font Info:    ... okay on input line 80.
LaTeX Font Info:    Checking defaults for U/cmr/m/n on input line 80.
LaTeX Font Info:    ... okay on input line 80.
LaTeX Font Info:    Checking defaults for PD1/pdf/m/n on input line 80.
LaTeX Font Info:    ... okay on input line 80.
LaTeX Font Info:    Try loading font information for OT1+lmr on input line 80.

("C:\Program Files (x86)\MiKTeX 2.9\tex\latex\lm\ot1lmr.fd"
File: ot1lmr.fd 2009/10/30 v1.6 Font defs for Latin Modern
)
("C:\Program Files (x86)\MiKTeX 2.9\tex\context\base\supp-pdf.mkii"
[Loading MPS to PDF converter (version 2006.09.02).]
\scratchcounter=\count104
\scratchdimen=\dimen109
\scratchbox=\box32
\nofMPsegments=\count105
\nofMParguments=\count106
\everyMPshowfont=\toks20
\MPscratchCnt=\count107
\MPscratchDim=\dimen110
\MPnumerator=\count108
\everyMPtoPDFconversion=\toks21
)
\AtBeginShipoutBox=\box33
Package hyperref Info: Link coloring OFF on input line 80.
 ("C:\Program Files (x86)\MiKTeX 2.9\tex\latex\hyperref\nameref.sty"
Package: nameref 2010/04/30 v2.40 Cross-referencing by name of section

("C:\Program Files (x86)\MiKTeX 2.9\tex\latex\oberdiek\refcount.sty"
Package: refcount 2008/08/11 v3.1 Data extraction from references (HO)
)
("C:\Program Files (x86)\MiKTeX 2.9\tex\generic\oberdiek\gettitlestring.sty"
Package: gettitlestring 2009/12/18 v1.3 Cleanup title references (HO)
)
\c@section@level=\count109
)
LaTeX Info: Redefining \ref on input line 80.
LaTeX Info: Redefining \pageref on input line 80.
LaTeX Info: Redefining \nameref on input line 80.

("A:\WORK\SPARSE MATRICES\documentation\main_file.out") ("A:\WORK\SPARSE MATRICES\documentation\main_file.out")
\@outlinefile=\write3

<mgrwmsgr/logoAGH.pdf, id=63, 64.24pt x 124.465pt>
File: mgrwmsgr/logoAGH.pdf Graphic file (type pdf)
 <use mgrwmsgr/logoAGH.pdf>
LaTeX Font Info:    Try loading font information for OML+lmm on input line 104.

("C:\Program Files (x86)\MiKTeX 2.9\tex\latex\lm\omllmm.fd"
File: omllmm.fd 2009/10/30 v1.6 Font defs for Latin Modern
)
LaTeX Font Info:    Try loading font information for OMS+lmsy on input line 104.
 ("C:\Program Files (x86)\MiKTeX 2.9\tex\latex\lm\omslmsy.fd"
File: omslmsy.fd 2009/10/30 v1.6 Font defs for Latin Modern
)
LaTeX Font Info:    Try loading font information for OMX+lmex on input line 104.
 ("C:\Program Files (x86)\MiKTeX 2.9\tex\latex\lm\omxlmex.fd"
File: omxlmex.fd 2009/10/30 v1.6 Font defs for Latin Modern
)
LaTeX Font Info:    External font `lmex10' loaded for size
(Font)              <12> on input line 104.
LaTeX Font Info:    External font `lmex10' loaded for size
(Font)              <8> on input line 104.
LaTeX Font Info:    External font `lmex10' loaded for size
(Font)              <6> on input line 104.
LaTeX Font Info:    Try loading font information for U+msa on input line 104.

("C:\Program Files (x86)\MiKTeX 2.9\tex\latex\amsfonts\umsa.fd"
File: umsa.fd 2009/06/22 v3.00 AMS symbols A
)
LaTeX Font Info:    Try loading font information for U+msb on input line 104.

("C:\Program Files (x86)\MiKTeX 2.9\tex\latex\amsfonts\umsb.fd"
File: umsb.fd 2009/06/22 v3.00 AMS symbols B
)
LaTeX Font Info:    Try loading font information for U+rsfs on input line 104.

("C:\Program Files (x86)\MiKTeX 2.9\tex\latex\jknappen\ursfs.fd"
File: ursfs.fd 1998/03/24 rsfs font definition file (jk)
) <mgrwmsgr/logoWMS.png, id=64, 148.555pt x 84.315pt>
File: mgrwmsgr/logoWMS.png Graphic file (type png)

<use mgrwmsgr/logoWMS.png> [1


{C:/ProgramData/MiKTeX/2.9/pdftex/config/pdftex.map} <A:/WORK/SPARSE MATRICES/documentation/mgrwmsgr/logoAGH.pdf> <A:/WO
RK/SPARSE MATRICES/documentation/mgrwmsgr/logoWMS.png>]pdfTeX warning (ext4): destination with the same identifier (name
{page.1}) has been already used, duplicate ignored
<to be read again> 
                   \relax 
l.104 \tableofcontents
                       [1] ("A:\WORK\SPARSE MATRICES\documentation\main_file.toc"
LaTeX Font Info:    External font `lmex10' loaded for size
(Font)              <10.95> on input line 1.
LaTeX Font Info:    Try loading font information for OT1+lmtt on input line 3.

("C:\Program Files (x86)\MiKTeX 2.9\tex\latex\lm\ot1lmtt.fd"
File: ot1lmtt.fd 2009/10/30 v1.6 Font defs for Latin Modern
))
\tf@toc=\write4
pdfTeX warning (ext4): destination with the same identifier (name{page.1}) has been already used, duplicate ignored
<to be read again> 
                   \relax 
l.123 \begin{abstract}
                       [1

]
Underfull \hbox (badness 10000) in paragraph at lines 124--127

 []

[2

]
LaTeX Font Info:    Font shape `OT1/lmtt/bx/n' in size <14.4> not available
(Font)              Font shape `OT1/lmtt/b/n' tried instead on input line 154.
 <images/input_scheme.png, id=114, 426.09187pt x 115.93312pt>
File: images/input_scheme.png Graphic file (type png)
 <use images/input_scheme.png>
Underfull \hbox (badness 10000) in paragraph at lines 164--165

 []


Underfull \vbox (badness 1297) has occurred while \output is active []

 [3

 <A:/WORK/SPARSE MATRICES/documentation/images/input_scheme.png>]
Overfull \hbox (15.77522pt too wide) in paragraph at lines 204--204
[]\OT1/lmtt/m/n/12 // ----------------------------------------------------------- code begin[] 
 []


Overfull \hbox (3.42522pt too wide) in paragraph at lines 204--204
[]    \OT1/lmtt/m/n/12 /// number of added elements - sizeof arrays: AORIG, RNORIG, CNORIG[] 
 []


Overfull \hbox (9.60022pt too wide) in paragraph at lines 204--204
[]\OT1/lmtt/m/n/12 // ------------------------------------------------------------ code end[] 
 []


Underfull \vbox (badness 10000) has occurred while \output is active []

 [4]
<images/ROL.png, id=133, 385.44pt x 109.1578pt>
File: images/ROL.png Graphic file (type png)
 <use images/ROL.png> <images/COL.png, id=135, 288.3272pt x 91.09032pt>
File: images/COL.png Graphic file (type png)

<use images/COL.png>
Underfull \hbox (badness 10000) in paragraph at lines 229--232

 []

[5 <A:/WORK/SPARSE MATRICES/documentation/images/ROL.png> <A:/WORK/SPARSE MATRICES/documentation/images/COL.png>]
LaTeX Font Info:    Try loading font information for OMS+lmr on input line 233.

("C:\Program Files (x86)\MiKTeX 2.9\tex\latex\lm\omslmr.fd"
File: omslmr.fd 2009/10/30 v1.6 Font defs for Latin Modern
)
LaTeX Font Info:    Font shape `OMS/lmr/m/n' in size <12> not available
(Font)              Font shape `OMS/lmsy/m/n' tried instead on input line 233.

<images/itegrity_tab_1.png, id=145, 451.6875pt x 169.38281pt>
File: images/itegrity_tab_1.png Graphic file (type png)
 <use images/itegrity_tab_1.png>
Overfull \hbox (16.68639pt too wide) in paragraph at lines 236--237
[][] 
 []

<images/permutations.png, id=146, 420.06938pt x 137.7647pt>
File: images/permutations.png Graphic file (type png)
 <use images/permutations.png>
<images/operating_memory.png, id=147, 427.5975pt x 70.76437pt>
File: images/operating_memory.png Graphic file (type png)
 <use images/operating_memory.png> [6 <A:/WORK/SPARSE MATRICES/documentation/images/itegrity_tab_1.png> <A:/WORK/SPARSE 
MATRICES/documentation/images/permutations.png> <A:/WORK/SPARSE MATRICES/documentation/images/operating_memory.png>]
Underfull \hbox (badness 10000) in paragraph at lines 255--258

 []

<images/ROL_COL_INIT.png, id=157, 334.24875pt x 94.10156pt>
File: images/ROL_COL_INIT.png Graphic file (type png)
 <use images/ROL_COL_INIT.png>
<images/COL_ROL_INIT.png, id=158, 371.88937pt x 103.13531pt>
File: images/COL_ROL_INIT.png Graphic file (type png)
 <use images/COL_ROL_INIT.png>
Underfull \hbox (badness 10000) in paragraph at lines 269--273

 []

[7 <A:/WORK/SPARSE MATRICES/documentation/images/ROL_COL_INIT.png> <A:/WORK/SPARSE MATRICES/documentation/images/COL_ROL
_INIT.png>]
Underfull \hbox (badness 10000) in paragraph at lines 280--281

 []


Overfull \hbox (15.77522pt too wide) in paragraph at lines 345--345
[]\OT1/lmtt/m/n/12 // ----------------------------------------------------------- code begin[] 
 []


Overfull \hbox (9.60022pt too wide) in paragraph at lines 345--345
[]    \OT1/lmtt/m/n/12 TYPE *ALU;      /// array of values of the elements stored in scheme[] 
 []


Overfull \hbox (3.42522pt too wide) in paragraph at lines 345--345
[]      \OT1/lmtt/m/n/12 HA[i][0] - place to store working indexes during algorythmization[] 
 []

[8]
Overfull \hbox (15.76822pt too wide) in paragraph at lines 345--345
[]      \OT1/lmtt/m/n/12 HA[c][9] - original number of column, which is on c-th position now[] 
 []


Overfull \hbox (9.59322pt too wide) in paragraph at lines 345--345
[]      \OT1/lmtt/m/n/12 HA[c][10] - index in HA[*][9] where is placed c-th original column[] 
 []


Overfull \hbox (9.60022pt too wide) in paragraph at lines 345--345
[]\OT1/lmtt/m/n/12 // ------------------------------------------------------------ code end[] 
 []


Underfull \hbox (badness 10000) in paragraph at lines 347--348

 []

[9] <images/solving_scheme.png, id=176, 403.5075pt x 404.26031pt>
File: images/solving_scheme.png Graphic file (type png)
 <use images/solving_scheme.png> [10 <A:/WORK/SPARSE MATRICES/documentation/images/solving_scheme.png>] [11] ("A:\WORK\S
PARSE MATRICES\documentation\chapter1.tex"
Overfull \hbox (15.77522pt too wide) in paragraph at lines 49--49
[]\OT1/lmtt/m/n/12 // ----------------------------------------------------------- code begin[] 
 []


Overfull \hbox (65.17525pt too wide) in paragraph at lines 49--49
[]\OT1/lmtt/m/n/12 22    std_math::dynamic_storage_scheme<double> DSS(ISS,5,0.7,std_math::ROL_INIT);[] 
 []


Overfull \hbox (15.77522pt too wide) in paragraph at lines 49--49
[]\OT1/lmtt/m/n/12 27        DSS.LU_decomposition(std_math::MARKOWITZ_COST,10,2,0.001,true);[] 
 []

[12

]
Overfull \hbox (9.60022pt too wide) in paragraph at lines 49--49
[]\OT1/lmtt/m/n/12 // ------------------------------------------------------------ code end[] 
 []

[13]
Overfull \hbox (15.77522pt too wide) in paragraph at lines 90--90
[]\OT1/lmtt/m/n/12 // ----------------------------------------------------------- code begin[] 
 []


Overfull \hbox (9.60022pt too wide) in paragraph at lines 90--90
[]\OT1/lmtt/m/n/12 // ------------------------------------------------------------ code end[] 
 []

[14]
Overfull \hbox (9.60022pt too wide) in paragraph at lines 155--155
[]                                 \OT1/lmtt/m/n/12 const input_storage_scheme<TYPE2>& ISS)[] 
 []

[15]
LaTeX Font Info:    Font shape `OT1/lmtt/bx/n' in size <12> not available
(Font)              Font shape `OT1/lmtt/b/n' tried instead on input line 191.
 [16]
Underfull \vbox (badness 3128) has occurred while \output is active []

 [17]
Overfull \hbox (15.77522pt too wide) in paragraph at lines 288--288
[]\OT1/lmtt/m/n/12 // ----------------------------------------------------------- code begin[] 
 []


Overfull \hbox (9.60022pt too wide) in paragraph at lines 288--288
[]\OT1/lmtt/m/n/12 // ------------------------------------------------------------ code end[] 
 []

[18]) [19] [20

]
Package atveryend Info: Empty hook `BeforeClearDocument' on input line 474.
 [21


]
Package atveryend Info: Empty hook `AfterLastShipout' on input line 474.
 ("A:\WORK\SPARSE MATRICES\documentation\main_file.aux")
Package atveryend Info: Executing hook `AtVeryEndDocument' on input line 474.
Package rerunfilecheck Info: File `main_file.out' has not changed.
(rerunfilecheck)             Checksum: F96CCC64D28E223B1617DFC06379B3B0;1058.
 ) 
Here is how much of TeX's memory you used:
 6006 strings out of 494019
 91547 string characters out of 3143881
 168572 words of memory out of 3000000
 9079 multiletter control sequences out of 15000+200000
 68840 words of font info for 68 fonts, out of 3000000 for 9000
 714 hyphenation exceptions out of 8191
 32i,11n,27p,733b,508s stack positions out of 5000i,500n,10000p,200000b,50000s
{C:/Program Files (x86)/MiKTeX 2.9/fonts/enc/dvips/lm/lm-rm.enc}{C:/Program Files (x86)/MiKTeX 2.9/fonts/enc/dvips/lm/
lm-rmsc.enc}{C:/Program Files (x86)/MiKTeX 2.9/fonts/enc/dvips/lm/lm-mathit.enc}{C:/Program Files (x86)/MiKTeX 2.9/fonts
/enc/dvips/lm/lm-mathsy.enc}{C:/Program Files (x86)/MiKTeX 2.9/fonts/enc/dvips/lm/lm-rmtt.enc}<C:/Program Files (x86)/Mi
KTeX 2.9/fonts/type1/public/lm/lmbx10.pfb><C:/Program Files (x86)/MiKTeX 2.9/fonts/type1/public/lm/lmbx12.pfb><C:/Progra
m Files (x86)/MiKTeX 2.9/fonts/type1/public/lm/lmcsc10.pfb><C:/Program Files (x86)/MiKTeX 2.9/fonts/type1/public/lm/lmmi
12.pfb><C:/Program Files (x86)/MiKTeX 2.9/fonts/type1/public/lm/lmmi8.pfb><C:/Program Files (x86)/MiKTeX 2.9/fonts/type1
/public/lm/lmr10.pfb><C:/Program Files (x86)/MiKTeX 2.9/fonts/type1/public/lm/lmr12.pfb><C:/Program Files (x86)/MiKTeX 2
.9/fonts/type1/public/lm/lmr17.pfb><C:/Program Files (x86)/MiKTeX 2.9/fonts/type1/public/lm/lmr8.pfb><C:/Program Files (
x86)/MiKTeX 2.9/fonts/type1/public/lm/lmri10.pfb><C:/Program Files (x86)/MiKTeX 2.9/fonts/type1/public/lm/lmri12.pfb><C:
/Program Files (x86)/MiKTeX 2.9/fonts/type1/public/lm/lmro10.pfb><C:/Program Files (x86)/MiKTeX 2.9/fonts/type1/public/l
m/lmsy10.pfb><C:/Program Files (x86)/MiKTeX 2.9/fonts/type1/public/lm/lmsy8.pfb><C:/Program Files (x86)/MiKTeX 2.9/fonts
/type1/public/lm/lmtk10.pfb><C:/Program Files (x86)/MiKTeX 2.9/fonts/type1/public/lm/lmtt10.pfb><C:/Program Files (x86)/
MiKTeX 2.9/fonts/type1/public/lm/lmtt12.pfb><C:/Program Files (x86)/MiKTeX 2.9/fonts/type1/public/lm/lmtto10.pfb><C:/Pro
gram Files (x86)/MiKTeX 2.9/fonts/type1/public/amsfonts/symbols/msbm10.pfb>
Output written on main_file.pdf (23 pages, 532145 bytes).
PDF statistics:
 351 PDF objects out of 1000 (max. 8388607)
 78 named destinations out of 1000 (max. 500000)
 176 words of extra memory for PDF output out of 10000 (max. 10000000)

